app/seeds.txt
com.livechat.videocallguide.videocall.RoomListActivity: RoomListActivity()
com.livechat.videocallguide.videocall.ViewAdviceActivity_ViewBinding: ViewAdviceActivity_ViewBinding(com.livechat.videocallguide.videocall.ViewAdviceActivity,android.view.View)
com.livechat.videocallguide.videocall.VideoCallAdviceActivity: VideoCallAdviceActivity()
com.livechat.videocallguide.videocall.ViewAdviceActivity_ViewBinding
com.livechat.videocallguide.videocall.ChatWithGirlActivity
com.livechat.videocallguide.videocall.HomeActivity
com.livechat.videocallguide.videocall.MainActivity: MainActivity()
com.livechat.videocallguide.videocall.AddContactActivity: AddContactActivity()
com.livechat.videocallguide.videocall.SecondActivity: SecondActivity()
com.livechat.videocallguide.videocall.HomeActivity_ViewBinding: HomeActivity_ViewBinding(com.livechat.videocallguide.videocall.HomeActivity,android.view.View)
com.livechat.videocallguide.videocall.RoomListActivity
com.livechat.videocallguide.videocall.RoomListActivity_ViewBinding
com.livechat.videocallguide.videocall.ViewContactActivity_ViewBinding
com.livechat.videocallguide.videocall.adapter.GirlAdapter$GirlViewHolder_ViewBinding
com.livechat.videocallguide.videocall.ContactListActivity: ContactListActivity()
com.livechat.videocallguide.videocall.SelectGenderActivity_ViewBinding
com.livechat.videocallguide.videocall.FakeVideoActivity_ViewBinding
com.livechat.videocallguide.videocall.FakeAllCallChatActivity_ViewBinding
com.livechat.videocallguide.videocall.RoomActivity_ViewBinding: RoomActivity_ViewBinding(com.livechat.videocallguide.videocall.RoomActivity,android.view.View)
com.livechat.videocallguide.videocall.AddContactActivity_ViewBinding
com.livechat.videocallguide.videocall.BlankActivity_ViewBinding: BlankActivity_ViewBinding(com.livechat.videocallguide.videocall.BlankActivity,android.view.View)
com.livechat.videocallguide.videocall.DialerActivity
com.livechat.videocallguide.videocall.CreateVideoCallActivity
com.livechat.videocallguide.videocall.ViewContactActivity_ViewBinding: ViewContactActivity_ViewBinding(com.livechat.videocallguide.videocall.ViewContactActivity,android.view.View)
com.livechat.videocallguide.videocall.DialerActivity_ViewBinding
com.livechat.videocallguide.videocall.SplashActivity
com.livechat.videocallguide.videocall.AddContactActivity_ViewBinding: AddContactActivity_ViewBinding(com.livechat.videocallguide.videocall.AddContactActivity,android.view.View)
com.livechat.videocallguide.videocall.AgeSelectActivity_ViewBinding
com.livechat.videocallguide.videocall.VideoCallActivity_ViewBinding
com.livechat.videocallguide.videocall.SecondActivity_ViewBinding: SecondActivity_ViewBinding(com.livechat.videocallguide.videocall.SecondActivity,android.view.View)
com.livechat.videocallguide.videocall.FakeVideoActivity_ViewBinding: FakeVideoActivity_ViewBinding(com.livechat.videocallguide.videocall.FakeVideoActivity,android.view.View)
com.livechat.videocallguide.videocall.DialerActivity_ViewBinding: DialerActivity_ViewBinding(com.livechat.videocallguide.videocall.DialerActivity,android.view.View)
com.livechat.videocallguide.videocall.BlankActivity
com.livechat.videocallguide.videocall.ChatActivity_ViewBinding: ChatActivity_ViewBinding(com.livechat.videocallguide.videocall.ChatActivity,android.view.View)
com.livechat.videocallguide.videocall.ChatActivity: ChatActivity()
com.livechat.videocallguide.videocall.RoomActivity: RoomActivity()
com.livechat.videocallguide.videocall.FakeVideoActivity: FakeVideoActivity()
com.livechat.videocallguide.videocall.ChatWithGirlActivity_ViewBinding
com.livechat.videocallguide.videocall.CreateVideoCallActivity: CreateVideoCallActivity()
com.livechat.videocallguide.videocall.AgeSelectActivity
com.livechat.videocallguide.videocall.BlankActivity_ViewBinding
com.livechat.videocallguide.videocall.VideoCallAdviceActivity
com.livechat.videocallguide.videocall.SelectGenderActivity: SelectGenderActivity()
com.livechat.videocallguide.videocall.SecondActivity_ViewBinding
...
com.karumi.dexter.R$style: int Base_V7_ThemeOverlay_AppCompat_Dialog
com.facebook.ads.MediaView: com.facebook.ads.internal.api.MediaViewApi mMediaViewApi
com.karumi.dexter.R$style: int Widget_Compat_NotificationActionText
com.facebook.ads.InterstitialAd: java.lang.String getPlacementId()
com.karumi.dexter.R$drawable: int notification_bg_normal_pressed
com.google.android.material.button.MaterialButton: android.content.res.ColorStateList getSupportBackgroundTintList()
androidx.appcompat.widget.AppCompatRadioButton: int getCompoundPaddingLeft()
com.facebook.ads.MediaViewListener: void onComplete(com.facebook.ads.MediaView)
com.google.android.gms.internal.ads.zzegf
com.karumi.dexter.R$styleable: int AppCompatTheme_listChoiceIndicatorMultipleAnimated
androidx.appcompat.widget.AppCompatMultiAutoCompleteTextView: void setSupportBackgroundTintMode(android.graphics.PorterDuff$Mode)
com.karumi.dexter.R$style: int Base_TextAppearance_AppCompat_Widget_ActionBar_Subtitle
com.google.android.gms.ads.formats.NativeAdView: com.google.android.gms.ads.formats.AdChoicesView getAdChoicesView()
com.karumi.dexter.R$attr: int tabPaddingEnd
com.facebook.ads.ExtraHints$Keyword: com.facebook.ads.ExtraHints$Keyword ACCESSORIES
com.fuzzproductions.ratingbar.RatingBar: void setMax(int)
androidx.appcompat.widget.ActionBarOverlayLayout: void setOverlayMode(boolean)
com.facebook.ads.internal.api.NativeAdBaseApi: void unregisterView()
com.karumi.dexter.R$dimen: int design_snackbar_extra_spacing_horizontal
androidx.appcompat.widget.ActionBarOverlayLayout: void setShowingForActionMode(boolean)
com.shawnlin.numberpicker.NumberPicker: void setFormatter(java.lang.String)
com.karumi.dexter.PermissionRationaleToken: PermissionRationaleToken(com.karumi.dexter.DexterInstance)
com.shawnlin.numberpicker.NumberPicker: float getFadingEdgeStrength()
com.google.android.gms.internal.ads.zzue$zzab: int zzcfj
com.karumi.dexter.R$attr: int buttonBarNeutralButtonStyle
com.facebook.ads.AdError: int errorCode
com.bumptech.glide.load.PreferredColorSpace: com.bumptech.glide.load.PreferredColorSpace valueOf(java.lang.String)
com.karumi.dexter.R$styleable: int NavigationView_itemShapeFillColor
com.karumi.dexter.listener.PermissionDeniedResponse: com.karumi.dexter.listener.PermissionRequest requestedPermission
com.facebook.ads.NativeAdViewAttributes: boolean getAutoplay()
com.karumi.dexter.R$dimen: int mtrl_btn_text_size
com.karumi.dexter.R$attr: int ratingBarStyle
com.karumi.dexter.R$anim: int abc_fade_in
com.google.android.material.chip.Chip: void setTextEndPadding(float)
com.karumi.dexter.R$style: int TextAppearance_AppCompat_Large
com.karumi.dexter.R$attr: int lineSpacing
com.karumi.dexter.R$integer: int mtrl_tab_indicator_anim_duration_ms
com.facebook.ads.NativeAdsManager: void setExtraHints(java.lang.String)
com.facebook.ads.RewardedVideoAd: void loadAd()
com.facebook.ads.internal.api.MediaViewVideoRendererApi: int getDuration()
com.karumi.dexter.R$anim: int abc_fade_out
com.karumi.dexter.R$styleable: int ThemeEnforcement_android_textAppearance
com.otaliastudios.cameraview.gesture.GestureAction: com.otaliastudios.cameraview.gesture.GestureAction[] values()
com.karumi.dexter.R$style: int Widget_Design_NavigationView
com.karumi.dexter.R$styleable: int FloatingActionButton_shapeAppearanceOverlay
com.facebook.ads.AbstractAdListener: AbstractAdListener()
androidx.appcompat.widget.AppCompatImageButton: void setSupportImageTintList(android.content.res.ColorStateList)
com.facebook.ads.AudienceNetworkAds$AdFormat: int INTERSTITIAL
com.karumi.dexter.R$style: int Base_Widget_AppCompat_ListMenuView
com.karumi.dexter.R$attr: int showMotionSpec
androidx.work.BackoffPolicy: androidx.work.BackoffPolicy[] values()
com.google.android.gms.internal.ads.zzue$zzv: com.google.android.gms.internal.ads.zzue$zzz zzcfc
com.google.android.material.floatingactionbutton.FloatingActionButton: void setBackgroundTintMode(android.graphics.PorterDuff$Mode)