app/unused.txt
com.livechat.videocallguide.videocall.FakeVideoActivity_ViewBinding:
    public void <init>(com.livechat.videocallguide.videocall.FakeVideoActivity)
    public void unbind()
com.livechat.videocallguide.videocall.SelectGenderActivity_ViewBinding:
    public void <init>(com.livechat.videocallguide.videocall.SelectGenderActivity)
    public void unbind()
com.livechat.videocallguide.videocall.FakeVideoActivity:
    private static final java.lang.String TAG
com.livechat.videocallguide.videocall.R
com.livechat.videocallguide.videocall.R$dimen
com.livechat.videocallguide.videocall.ChatWithGirlActivity_ViewBinding:
    public void <init>(com.livechat.videocallguide.videocall.ChatWithGirlActivity)
    public void unbind()
com.livechat.videocallguide.videocall.VideoCallAdviceActivity:
    public static final java.lang.String TITLE
    public static final java.lang.String TEXT
com.livechat.videocallguide.videocall.R$font
com.livechat.videocallguide.videocall.R$color
com.livechat.videocallguide.videocall.helper.DatabaseHelper:
    public boolean checkFavStatus(java.lang.String)
    public static final java.lang.String DBNAME
    public static final java.lang.String TBNAME
    public static final java.lang.String COL1
    public static final java.lang.String COL2
    public static final java.lang.String COL3
    public static final java.lang.String COL4
    public static final java.lang.String COL5
    public static final java.lang.String TAG
com.livechat.videocallguide.videocall.R$bool
com.livechat.videocallguide.videocall.R$raw
com.livechat.videocallguide.videocall.R$attr
com.livechat.videocallguide.videocall.R$array
com.livechat.videocallguide.videocall.AgeSelectActivity_ViewBinding:
    public void <init>(com.livechat.videocallguide.videocall.AgeSelectActivity)
    public void unbind()
com.livechat.videocallguide.videocall.SecondActivity_ViewBinding:
    public void <init>(com.livechat.videocallguide.videocall.SecondActivity)
    public void unbind()
com.livechat.videocallguide.videocall.R$styleable
com.livechat.videocallguide.videocall.R$id
com.livechat.videocallguide.videocall.R$mipmap
com.livechat.videocallguide.videocall.ViewContactActivity_ViewBinding:
    public void <init>(com.livechat.videocallguide.videocall.ViewContactActivity)
    public void unbind()
com.livechat.videocallguide.videocall.R$plurals
com.livechat.videocallguide.videocall.VideoCallActivity_ViewBinding:
    public void <init>(com.livechat.videocallguide.videocall.VideoCallActivity)
    public void unbind()
com.livechat.videocallguide.videocall.FakeAllCallChatActivity_ViewBinding:
    public void <init>(com.livechat.videocallguide.videocall.FakeAllCallChatActivity)
    public void unbind()
com.livechat.videocallguide.videocall.R$style
com.livechat.videocallguide.videocall.adshelper.BannerAds:
    public void destroyAds()
com.livechat.videocallguide.videocall.ChatActivity_ViewBinding:
    public void <init>(com.livechat.videocallguide.videocall.ChatActivity)
    public void unbind()
com.livechat.videocallguide.videocall.R$interpolator
com.livechat.videocallguide.videocall.adshelper.NativeAds:
    public static final java.lang.String TAG
com.livechat.videocallguide.videocall.AddContactActivity_ViewBinding:
    public void <init>(com.livechat.videocallguide.videocall.AddContactActivity)
    public void unbind()
com.livechat.videocallguide.videocall.adapter.ChatAdapter:
    public static final int MSG_TYPE_LEFT
    public static final int MSG_TYPE_RIGHT
com.livechat.videocallguide.videocall.adshelper.InterstitialAds:
    public java.lang.Boolean isAdShow()
    public void destroyAds()
    public static final java.lang.String TAG
com.livechat.videocallguide.videocall.adapter.ContactAdapter$ContactViewHolder_ViewBinding:
    public void unbind()
com.livechat.videocallguide.videocall.DialerActivity_ViewBinding:
    public void <init>(com.livechat.videocallguide.videocall.DialerActivity)
    public void unbind()
com.livechat.videocallguide.videocall.R$anim
...
androidx.annotation.CheckResult
androidx.browser.customtabs.PostMessageService
kotlin.Suppress
butterknife.BindBitmap:
    public abstract int value()
com.google.android.material.floatingactionbutton.ExtendedFloatingActionButton$ChangeSizeStrategy
kotlin.collections.GroupingKt
androidx.work.impl.utils.LiveDataUtils$1
kotlin.internal.RequireKotlin
com.google.android.gms.internal.measurement.zzaw
com.google.android.gms.tasks.zzu:
    public final java.lang.Object getResult(java.lang.Class)
    public final com.google.android.gms.tasks.Task addOnSuccessListener(android.app.Activity,com.google.android.gms.tasks.OnSuccessListener)
    public final com.google.android.gms.tasks.Task addOnFailureListener(com.google.android.gms.tasks.OnFailureListener)
    public final com.google.android.gms.tasks.Task addOnFailureListener(android.app.Activity,com.google.android.gms.tasks.OnFailureListener)
    public final com.google.android.gms.tasks.Task addOnCompleteListener(android.app.Activity,com.google.android.gms.tasks.OnCompleteListener)
    public final com.google.android.gms.tasks.Task continueWith(com.google.android.gms.tasks.Continuation)
    public final com.google.android.gms.tasks.Task continueWithTask(com.google.android.gms.tasks.Continuation)
    public final com.google.android.gms.tasks.Task addOnCanceledListener(com.google.android.gms.tasks.OnCanceledListener)
    public final com.google.android.gms.tasks.Task addOnCanceledListener(android.app.Activity,com.google.android.gms.tasks.OnCanceledListener)
com.google.android.gms.tasks.zzd:
    public final void zza()
kotlin.coroutines.ContinuationKt
com.google.android.material.internal.ParcelableSparseIntArray$1
com.google.android.material.transition.platform.MaterialSharedAxis
androidx.appcompat.resources.R$id
kotlin.jvm.internal.EnumCompanionObject
androidx.work.impl.WorkManagerImpl$2
de.hdodenhof.circleimageview.R$attr
com.bumptech.glide.R$color
com.bumptech.glide.load.resource.gif.GifOptions:
    private void <init>()
com.google.android.material.internal.ScrimInsetsFrameLayout
androidx.vectordrawable.graphics.drawable.Animatable2Compat
com.google.android.gms.common.annotation.NonNullApi
butterknife.runtime.R$styleable
com.google.android.material.internal.NavigationMenuPresenter$SeparatorViewHolder
androidx.fragment.R$drawable
androidx.core.graphics.PaintCompat
androidx.constraintlayout.solver.widgets.Rectangle
androidx.viewpager2.R
com.google.android.gms.internal.ads.zzafw:
    public void <init>()
    protected final boolean zza(int,android.os.Parcel,android.os.Parcel,int)
kotlin.Result$Companion
com.google.android.gms.common.util.GmsVersion
kotlin.internal.PlatformImplementations
androidx.transition.ChangeTransform$PathAnimatorMatrix
com.google.android.gms.ads.MediaAspectRatio
com.bumptech.glide.request.transition.DrawableCrossFadeFactory
kotlin.jvm.internal.BooleanSpreadBuilder
kotlin.system.ProcessKt
com.bumptech.glide.load.engine.LoadPath:
    public java.lang.Class getDataClass()